2024-02-18T18:15:19.652-0500 [DEBUG] [org.gradle.launcher.daemon.bootstrap.DaemonMain] Assuming the daemon was started with following jvm opts: [-XX:+HeapDumpOnOutOfMemoryError, -XX:+UseParallelGC, -XX:MaxMetaspaceSize=1g, --add-opens=java.base/java.util=ALL-UNNAMED, --add-opens=java.base/java.lang=ALL-UNNAMED, --add-opens=java.base/java.lang.invoke=ALL-UNNAMED, --add-opens=java.prefs/java.util.prefs=ALL-UNNAMED, --add-opens=java.base/java.nio.charset=ALL-UNNAMED, --add-opens=java.base/java.net=ALL-UNNAMED, --add-opens=java.base/java.util.concurrent.atomic=ALL-UNNAMED, -Xmx6g, -Dfile.encoding=UTF-8, -Duser.country=US, -Duser.language=en, -Duser.variant]
2024-02-18T18:15:19.889-0500 [DEBUG] [org.gradle.internal.nativeintegration.services.NativeServices] Native-platform posix files integration is not available. Continuing with fallback.
2024-02-18T18:15:19.918-0500 [INFO] [org.gradle.launcher.daemon.server.Daemon] start() called on daemon - DefaultDaemonContext[uid=08ca9b08-d7f5-4d93-b87b-935d6b82300b,javaHome=C:\Program Files\Android\Android Studio\jbr,daemonRegistryDir=C:\Users\NODOU\.gradle\daemon,pid=15756,idleTimeout=10800000,priority=NORMAL,daemonOpts=-XX:+HeapDumpOnOutOfMemoryError,-XX:+UseParallelGC,-XX:MaxMetaspaceSize=1g,--add-opens=java.base/java.util=ALL-UNNAMED,--add-opens=java.base/java.lang=ALL-UNNAMED,--add-opens=java.base/java.lang.invoke=ALL-UNNAMED,--add-opens=java.prefs/java.util.prefs=ALL-UNNAMED,--add-opens=java.base/java.nio.charset=ALL-UNNAMED,--add-opens=java.base/java.net=ALL-UNNAMED,--add-opens=java.base/java.util.concurrent.atomic=ALL-UNNAMED,-Xmx6g,-Dfile.encoding=UTF-8,-Duser.country=US,-Duser.language=en,-Duser.variant]
2024-02-18T18:15:20.096-0500 [DEBUG] [org.gradle.internal.remote.internal.inet.InetAddresses] Adding IP addresses for network interface Software Loopback Interface 1
2024-02-18T18:15:20.099-0500 [DEBUG] [org.gradle.internal.remote.internal.inet.InetAddresses] Is this a loopback interface? true
2024-02-18T18:15:20.100-0500 [DEBUG] [org.gradle.internal.remote.internal.inet.InetAddresses] Adding loopback address /127.0.0.1
2024-02-18T18:15:20.100-0500 [DEBUG] [org.gradle.internal.remote.internal.inet.InetAddresses] Adding loopback address /0:0:0:0:0:0:0:1
2024-02-18T18:15:20.101-0500 [DEBUG] [org.gradle.internal.remote.internal.inet.InetAddresses] Adding IP addresses for network interface Microsoft 6to4 Adapter
2024-02-18T18:15:20.104-0500 [DEBUG] [org.gradle.internal.remote.internal.inet.InetAddresses] Is this a loopback interface? false
2024-02-18T18:15:20.105-0500 [DEBUG] [org.gradle.internal.remote.internal.inet.InetAddresses] Adding IP addresses for network interface Microsoft Wi-Fi Direct Virtual Adapter #4
2024-02-18T18:15:20.108-0500 [DEBUG] [org.gradle.internal.remote.internal.inet.InetAddresses] Is this a loopback interface? false
2024-02-18T18:15:20.108-0500 [DEBUG] [org.gradle.internal.remote.internal.inet.InetAddresses] Adding remote address /fe80:0:0:0:dec8:81f1:7bd:4f6%wlan0
2024-02-18T18:15:20.109-0500 [DEBUG] [org.gradle.internal.remote.internal.inet.InetAddresses] Adding IP addresses for network interface WAN Miniport (PPTP)
2024-02-18T18:15:20.113-0500 [DEBUG] [org.gradle.internal.remote.internal.inet.InetAddresses] Is this a loopback interface? false
2024-02-18T18:15:20.114-0500 [DEBUG] [org.gradle.internal.remote.internal.inet.InetAddresses] Adding IP addresses for network interface Microsoft IP-HTTPS Platform Adapter
2024-02-18T18:15:20.117-0500 [DEBUG] [org.gradle.internal.remote.internal.inet.InetAddresses] Is this a loopback interface? false
2024-02-18T18:15:20.118-0500 [DEBUG] [org.gradle.internal.remote.internal.inet.InetAddresses] Adding IP addresses for network interface Microsoft Wi-Fi Direct Virtual Adapter #3
2024-02-18T18:15:20.121-0500 [DEBUG] [org.gradle.internal.remote.internal.inet.InetAddresses] Is this a loopback interface? false
2024-02-18T18:15:20.122-0500 [DEBUG] [org.gradle.internal.remote.internal.inet.InetAddresses] Adding remote address /fe80:0:0:0:4932:1ea3:6cde:9d9a%wlan1
2024-02-18T18:15:20.122-0500 [DEBUG] [org.gradle.internal.remote.internal.inet.InetAddresses] Adding IP addresses for network interface WAN Miniport (L2TP)
2024-02-18T18:15:20.125-0500 [DEBUG] [org.gradle.internal.remote.internal.inet.InetAddresses] Is this a loopback interface? false
2024-02-18T18:15:20.125-0500 [DEBUG] [org.gradle.internal.remote.internal.inet.InetAddresses] Adding IP addresses for network interface WAN Miniport (IKEv2)
2024-02-18T18:15:20.128-0500 [DEBUG] [org.gradle.internal.remote.internal.inet.InetAddresses] Is this a loopback interface? false
2024-02-18T18:15:20.128-0500 [DEBUG] [org.gradle.internal.remote.internal.inet.InetAddresses] Adding IP addresses for network interface Microsoft Wi-Fi Direct Virtual Adapter
2024-02-18T18:15:20.130-0500 [DEBUG] [org.gradle.internal.remote.internal.inet.InetAddresses] Is this a loopback interface? false
2024-02-18T18:15:20.131-0500 [DEBUG] [org.gradle.internal.remote.internal.inet.InetAddresses] Adding IP addresses for network interface Microsoft Teredo Tunneling Adapter
2024-02-18T18:15:20.133-0500 [DEBUG] [org.gradle.internal.remote.internal.inet.InetAddresses] Is this a loopback interface? false
2024-02-18T18:15:20.133-0500 [DEBUG] [org.gradle.internal.remote.internal.inet.InetAddresses] Adding IP addresses for network interface WAN Miniport (IP)
2024-02-18T18:15:20.135-0500 [DEBUG] [org.gradle.internal.remote.internal.inet.InetAddresses] Is this a loopback interface? false
2024-02-18T18:15:20.136-0500 [DEBUG] [org.gradle.internal.remote.internal.inet.InetAddresses] Adding IP addresses for network interface Microsoft Wi-Fi Direct Virtual Adapter #2
2024-02-18T18:15:20.139-0500 [DEBUG] [org.gradle.internal.remote.internal.inet.InetAddresses] Is this a loopback interface? false
2024-02-18T18:15:20.139-0500 [DEBUG] [org.gradle.internal.remote.internal.inet.InetAddresses] Adding IP addresses for network interface WAN Miniport (IPv6)
2024-02-18T18:15:20.142-0500 [DEBUG] [org.gradle.internal.remote.internal.inet.InetAddresses] Is this a loopback interface? false
2024-02-18T18:15:20.143-0500 [DEBUG] [org.gradle.internal.remote.internal.inet.InetAddresses] Adding IP addresses for network interface WAN Miniport (PPPOE)
2024-02-18T18:15:20.145-0500 [DEBUG] [org.gradle.internal.remote.internal.inet.InetAddresses] Is this a loopback interface? false
2024-02-18T18:15:20.145-0500 [DEBUG] [org.gradle.internal.remote.internal.inet.InetAddresses] Adding IP addresses for network interface WAN Miniport (Network Monitor)
2024-02-18T18:15:20.147-0500 [DEBUG] [org.gradle.internal.remote.internal.inet.InetAddresses] Is this a loopback interface? false
2024-02-18T18:15:20.148-0500 [DEBUG] [org.gradle.internal.remote.internal.inet.InetAddresses] Adding IP addresses for network interface Intel(R) Wireless-AC 9560 160MHz
2024-02-18T18:15:20.150-0500 [DEBUG] [org.gradle.internal.remote.internal.inet.InetAddresses] Is this a loopback interface? false
2024-02-18T18:15:20.150-0500 [DEBUG] [org.gradle.internal.remote.internal.inet.InetAddresses] Adding remote address /10.0.0.4
2024-02-18T18:15:20.150-0500 [DEBUG] [org.gradle.internal.remote.internal.inet.InetAddresses] Adding remote address /2601:408:c600:d320:0:0:0:7
2024-02-18T18:15:20.150-0500 [DEBUG] [org.gradle.internal.remote.internal.inet.InetAddresses] Adding remote address /2601:408:c600:d320:6986:27a0:2ab3:b004
2024-02-18T18:15:20.150-0500 [DEBUG] [org.gradle.internal.remote.internal.inet.InetAddresses] Adding remote address /2601:408:c600:d320:3d20:3672:9644:1e8f
2024-02-18T18:15:20.151-0500 [DEBUG] [org.gradle.internal.remote.internal.inet.InetAddresses] Adding remote address /fe80:0:0:0:68a1:ca99:9fe:d4d8%wlan4
2024-02-18T18:15:20.151-0500 [DEBUG] [org.gradle.internal.remote.internal.inet.InetAddresses] Adding IP addresses for network interface WAN Miniport (SSTP)
2024-02-18T18:15:20.153-0500 [DEBUG] [org.gradle.internal.remote.internal.inet.InetAddresses] Is this a loopback interface? false
2024-02-18T18:15:20.153-0500 [DEBUG] [org.gradle.internal.remote.internal.inet.InetAddresses] Adding IP addresses for network interface Microsoft Kernel Debug Network Adapter
2024-02-18T18:15:20.155-0500 [DEBUG] [org.gradle.internal.remote.internal.inet.InetAddresses] Is this a loopback interface? false
2024-02-18T18:15:20.156-0500 [DEBUG] [org.gradle.internal.remote.internal.inet.InetAddresses] Adding IP addresses for network interface Intel(R) Wireless-AC 9560 160MHz-WFP Native MAC Layer LightWeight Filter-0000
2024-02-18T18:15:20.157-0500 [DEBUG] [org.gradle.internal.remote.internal.inet.InetAddresses] Is this a loopback interface? false
2024-02-18T18:15:20.158-0500 [DEBUG] [org.gradle.internal.remote.internal.inet.InetAddresses] Adding IP addresses for network interface Intel(R) Wireless-AC 9560 160MHz-Virtual WiFi Filter Driver-0000
2024-02-18T18:15:20.160-0500 [DEBUG] [org.gradle.internal.remote.internal.inet.InetAddresses] Is this a loopback interface? false
2024-02-18T18:15:20.160-0500 [DEBUG] [org.gradle.internal.remote.internal.inet.InetAddresses] Adding IP addresses for network interface Intel(R) Wireless-AC 9560 160MHz-Native WiFi Filter Driver-0000
2024-02-18T18:15:20.162-0500 [DEBUG] [org.gradle.internal.remote.internal.inet.InetAddresses] Is this a loopback interface? false
2024-02-18T18:15:20.162-0500 [DEBUG] [org.gradle.internal.remote.internal.inet.InetAddresses] Adding IP addresses for network interface Intel(R) Wireless-AC 9560 160MHz-QoS Packet Scheduler-0000
2024-02-18T18:15:20.164-0500 [DEBUG] [org.gradle.internal.remote.internal.inet.InetAddresses] Is this a loopback interface? false
2024-02-18T18:15:20.164-0500 [DEBUG] [org.gradle.internal.remote.internal.inet.InetAddresses] Adding IP addresses for network interface Intel(R) Wireless-AC 9560 160MHz-WFP 802.3 MAC Layer LightWeight Filter-0000
2024-02-18T18:15:20.166-0500 [DEBUG] [org.gradle.internal.remote.internal.inet.InetAddresses] Is this a loopback interface? false
2024-02-18T18:15:20.166-0500 [DEBUG] [org.gradle.internal.remote.internal.inet.InetAddresses] Adding IP addresses for network interface Microsoft Wi-Fi Direct Virtual Adapter #3-WFP Native MAC Layer LightWeight Filter-0000
2024-02-18T18:15:20.168-0500 [DEBUG] [org.gradle.internal.remote.internal.inet.InetAddresses] Is this a loopback interface? false
2024-02-18T18:15:20.169-0500 [DEBUG] [org.gradle.internal.remote.internal.inet.InetAddresses] Adding IP addresses for network interface Microsoft Wi-Fi Direct Virtual Adapter #3-Native WiFi Filter Driver-0000
2024-02-18T18:15:20.171-0500 [DEBUG] [org.gradle.internal.remote.internal.inet.InetAddresses] Is this a loopback interface? false
2024-02-18T18:15:20.171-0500 [DEBUG] [org.gradle.internal.remote.internal.inet.InetAddresses] Adding IP addresses for network interface Microsoft Wi-Fi Direct Virtual Adapter #3-QoS Packet Scheduler-0000
2024-02-18T18:15:20.173-0500 [DEBUG] [org.gradle.internal.remote.internal.inet.InetAddresses] Is this a loopback interface? false
2024-02-18T18:15:20.173-0500 [DEBUG] [org.gradle.internal.remote.internal.inet.InetAddresses] Adding IP addresses for network interface Microsoft Wi-Fi Direct Virtual Adapter #3-WFP 802.3 MAC Layer LightWeight Filter-0000
2024-02-18T18:15:20.175-0500 [DEBUG] [org.gradle.internal.remote.internal.inet.InetAddresses] Is this a loopback interface? false
2024-02-18T18:15:20.176-0500 [DEBUG] [org.gradle.internal.remote.internal.inet.InetAddresses] Adding IP addresses for network interface WAN Miniport (IP)-WFP Native MAC Layer LightWeight Filter-0000
2024-02-18T18:15:20.178-0500 [DEBUG] [org.gradle.internal.remote.internal.inet.InetAddresses] Is this a loopback interface? false
2024-02-18T18:15:20.178-0500 [DEBUG] [org.gradle.internal.remote.internal.inet.InetAddresses] Adding IP addresses for network interface WAN Miniport (IP)-QoS Packet Scheduler-0000
2024-02-18T18:15:20.180-0500 [DEBUG] [org.gradle.internal.remote.internal.inet.InetAddresses] Is this a loopback interface? false
2024-02-18T18:15:20.181-0500 [DEBUG] [org.gradle.internal.remote.internal.inet.InetAddresses] Adding IP addresses for network interface WAN Miniport (IPv6)-WFP Native MAC Layer LightWeight Filter-0000
2024-02-18T18:15:20.183-0500 [DEBUG] [org.gradle.internal.remote.internal.inet.InetAddresses] Is this a loopback interface? false
2024-02-18T18:15:20.183-0500 [DEBUG] [org.gradle.internal.remote.internal.inet.InetAddresses] Adding IP addresses for network interface WAN Miniport (IPv6)-QoS Packet Scheduler-0000
2024-02-18T18:15:20.185-0500 [DEBUG] [org.gradle.internal.remote.internal.inet.InetAddresses] Is this a loopback interface? false
2024-02-18T18:15:20.185-0500 [DEBUG] [org.gradle.internal.remote.internal.inet.InetAddresses] Adding IP addresses for network interface WAN Miniport (Network Monitor)-WFP Native MAC Layer LightWeight Filter-0000
2024-02-18T18:15:20.187-0500 [DEBUG] [org.gradle.internal.remote.internal.inet.InetAddresses] Is this a loopback interface? false
2024-02-18T18:15:20.187-0500 [DEBUG] [org.gradle.internal.remote.internal.inet.InetAddresses] Adding IP addresses for network interface WAN Miniport (Network Monitor)-QoS Packet Scheduler-0000
2024-02-18T18:15:20.189-0500 [DEBUG] [org.gradle.internal.remote.internal.inet.InetAddresses] Is this a loopback interface? false
2024-02-18T18:15:20.189-0500 [DEBUG] [org.gradle.internal.remote.internal.inet.InetAddresses] Adding IP addresses for network interface Microsoft Wi-Fi Direct Virtual Adapter #4-WFP Native MAC Layer LightWeight Filter-0000
2024-02-18T18:15:20.191-0500 [DEBUG] [org.gradle.internal.remote.internal.inet.InetAddresses] Is this a loopback interface? false
2024-02-18T18:15:20.192-0500 [DEBUG] [org.gradle.internal.remote.internal.inet.InetAddresses] Adding IP addresses for network interface Microsoft Wi-Fi Direct Virtual Adapter #4-Native WiFi Filter Driver-0000
2024-02-18T18:15:20.195-0500 [DEBUG] [org.gradle.internal.remote.internal.inet.InetAddresses] Is this a loopback interface? false
2024-02-18T18:15:20.195-0500 [DEBUG] [org.gradle.internal.remote.internal.inet.InetAddresses] Adding IP addresses for network interface Microsoft Wi-Fi Direct Virtual Adapter #4-QoS Packet Scheduler-0000
2024-02-18T18:15:20.198-0500 [DEBUG] [org.gradle.internal.remote.internal.inet.InetAddresses] Is this a loopback interface? false
2024-02-18T18:15:20.198-0500 [DEBUG] [org.gradle.internal.remote.internal.inet.InetAddresses] Adding IP addresses for network interface Microsoft Wi-Fi Direct Virtual Adapter #4-WFP 802.3 MAC Layer LightWeight Filter-0000
2024-02-18T18:15:20.200-0500 [DEBUG] [org.gradle.internal.remote.internal.inet.InetAddresses] Is this a loopback interface? false
2024-02-18T18:15:20.207-0500 [DEBUG] [org.gradle.internal.remote.internal.inet.TcpIncomingConnector] Listening on [3eba038c-4f15-4f0f-99c9-d4c3d728b2fe port:62221, addresses:[localhost/127.0.0.1]].
2024-02-18T18:15:20.216-0500 [DEBUG] [org.gradle.launcher.daemon.server.Daemon] Daemon starting at: Sun Feb 18 18:15:20 EST 2024, with address: [3eba038c-4f15-4f0f-99c9-d4c3d728b2fe port:62221, addresses:[localhost/127.0.0.1]]
2024-02-18T18:15:20.216-0500 [INFO] [org.gradle.launcher.daemon.server.DaemonRegistryUpdater] Advertising the daemon address to the clients: [3eba038c-4f15-4f0f-99c9-d4c3d728b2fe port:62221, addresses:[localhost/127.0.0.1]]
2024-02-18T18:15:20.217-0500 [DEBUG] [org.gradle.launcher.daemon.server.DaemonRegistryUpdater] Advertised daemon context: DefaultDaemonContext[uid=08ca9b08-d7f5-4d93-b87b-935d6b82300b,javaHome=C:\Program Files\Android\Android Studio\jbr,daemonRegistryDir=C:\Users\NODOU\.gradle\daemon,pid=15756,idleTimeout=10800000,priority=NORMAL,daemonOpts=-XX:+HeapDumpOnOutOfMemoryError,-XX:+UseParallelGC,-XX:MaxMetaspaceSize=1g,--add-opens=java.base/java.util=ALL-UNNAMED,--add-opens=java.base/java.lang=ALL-UNNAMED,--add-opens=java.base/java.lang.invoke=ALL-UNNAMED,--add-opens=java.prefs/java.util.prefs=ALL-UNNAMED,--add-opens=java.base/java.nio.charset=ALL-UNNAMED,--add-opens=java.base/java.net=ALL-UNNAMED,--add-opens=java.base/java.util.concurrent.atomic=ALL-UNNAMED,-Xmx6g,-Dfile.encoding=UTF-8,-Duser.country=US,-Duser.language=en,-Duser.variant]
2024-02-18T18:15:20.218-0500 [DEBUG] [org.gradle.launcher.daemon.registry.PersistentDaemonRegistry] Storing daemon address: [3eba038c-4f15-4f0f-99c9-d4c3d728b2fe port:62221, addresses:[localhost/127.0.0.1]], context: DefaultDaemonContext[uid=08ca9b08-d7f5-4d93-b87b-935d6b82300b,javaHome=C:\Program Files\Android\Android Studio\jbr,daemonRegistryDir=C:\Users\NODOU\.gradle\daemon,pid=15756,idleTimeout=10800000,priority=NORMAL,daemonOpts=-XX:+HeapDumpOnOutOfMemoryError,-XX:+UseParallelGC,-XX:MaxMetaspaceSize=1g,--add-opens=java.base/java.util=ALL-UNNAMED,--add-opens=java.base/java.lang=ALL-UNNAMED,--add-opens=java.base/java.lang.invoke=ALL-UNNAMED,--add-opens=java.prefs/java.util.prefs=ALL-UNNAMED,--add-opens=java.base/java.nio.charset=ALL-UNNAMED,--add-opens=java.base/java.net=ALL-UNNAMED,--add-opens=java.base/java.util.concurrent.atomic=ALL-UNNAMED,-Xmx6g,-Dfile.encoding=UTF-8,-Duser.country=US,-Duser.language=en,-Duser.variant]
2024-02-18T18:15:20.231-0500 [DEBUG] [org.gradle.cache.internal.DefaultFileLockManager] Waiting to acquire exclusive lock on daemon addresses registry.
2024-02-18T18:15:20.234-0500 [DEBUG] [org.gradle.cache.internal.DefaultFileLockManager] Lock acquired on daemon addresses registry.
2024-02-18T18:15:20.243-0500 [DEBUG] [org.gradle.cache.internal.DefaultFileLockManager] Releasing lock on daemon addresses registry.
2024-02-18T18:15:20.243-0500 [LIFECYCLE] [org.gradle.launcher.daemon.server.Daemon] Daemon server started.
2024-02-18T18:15:20.246-0500 [DEBUG] [org.gradle.launcher.daemon.bootstrap.DaemonStartupCommunication] Completed writing the daemon greeting. Closing streams...
2024-02-18T18:15:20.254-0500 [DEBUG] [org.gradle.launcher.daemon.server.Daemon] stopOnExpiration() called on daemon
2024-02-18T18:15:20.256-0500 [DEBUG] [org.gradle.launcher.daemon.server.Daemon] awaitExpiration() called on daemon
2024-02-18T18:15:20.257-0500 [DEBUG] [org.gradle.launcher.daemon.server.DaemonStateCoordinator] daemon is running. Sleeping until state changes.
2024-02-18T18:15:20.259-0500 [DEBUG] [org.gradle.internal.remote.internal.inet.TcpIncomingConnector] Accepted connection from /127.0.0.1:62222 to /127.0.0.1:62221.
2024-02-18T18:15:20.413-0500 [DEBUG] [org.gradle.launcher.daemon.server.SynchronizedDispatchConnection] thread 21: received class org.gradle.launcher.daemon.protocol.Build
2024-02-18T18:15:20.414-0500 [DEBUG] [org.gradle.launcher.daemon.server.DefaultDaemonConnection] thread 21: Received non-IO message from client: Build{id=d92e5e19-32b4-4f46-ac76-f39844046256, currentDir=C:\Users\NODOU\AndroidStudioProjects\NowinAndroidApp}
2024-02-18T18:15:20.414-0500 [INFO] [org.gradle.launcher.daemon.server.DefaultIncomingConnectionHandler] Received command: Build{id=d92e5e19-32b4-4f46-ac76-f39844046256, currentDir=C:\Users\NODOU\AndroidStudioProjects\NowinAndroidApp}.
2024-02-18T18:15:20.414-0500 [DEBUG] [org.gradle.launcher.daemon.server.DefaultIncomingConnectionHandler] Starting executing command: Build{id=d92e5e19-32b4-4f46-ac76-f39844046256, currentDir=C:\Users\NODOU\AndroidStudioProjects\NowinAndroidApp} with connection: socket connection from /127.0.0.1:62221 to /127.0.0.1:62222.
2024-02-18T18:15:20.418-0500 [DEBUG] [org.gradle.launcher.daemon.server.DaemonStateCoordinator] Command execution: started DaemonCommandExecution[command = Build{id=d92e5e19-32b4-4f46-ac76-f39844046256, currentDir=C:\Users\NODOU\AndroidStudioProjects\NowinAndroidApp}, connection = DefaultDaemonConnection: socket connection from /127.0.0.1:62221 to /127.0.0.1:62222] after 0.0 minutes of idle
2024-02-18T18:15:20.419-0500 [INFO] [org.gradle.launcher.daemon.server.DaemonRegistryUpdater] Marking the daemon as busy, address: [3eba038c-4f15-4f0f-99c9-d4c3d728b2fe port:62221, addresses:[localhost/127.0.0.1]]
2024-02-18T18:15:20.419-0500 [DEBUG] [org.gradle.launcher.daemon.registry.PersistentDaemonRegistry] Marking busy by address: [3eba038c-4f15-4f0f-99c9-d4c3d728b2fe port:62221, addresses:[localhost/127.0.0.1]]
2024-02-18T18:15:20.420-0500 [DEBUG] [org.gradle.cache.internal.DefaultFileLockManager] Waiting to acquire exclusive lock on daemon addresses registry.
2024-02-18T18:15:20.421-0500 [DEBUG] [org.gradle.cache.internal.DefaultFileLockManager] Lock acquired on daemon addresses registry.
2024-02-18T18:15:20.423-0500 [DEBUG] [org.gradle.cache.internal.DefaultFileLockManager] Releasing lock on daemon addresses registry.
2024-02-18T18:15:20.423-0500 [DEBUG] [org.gradle.launcher.daemon.server.DaemonStateCoordinator] resetting idle timer
2024-02-18T18:15:20.424-0500 [DEBUG] [org.gradle.launcher.daemon.server.DaemonStateCoordinator] daemon is running. Sleeping until state changes.
2024-02-18T18:15:20.424-0500 [INFO] [org.gradle.launcher.daemon.server.exec.StartBuildOrRespondWithBusy] Daemon is about to start building Build{id=d92e5e19-32b4-4f46-ac76-f39844046256, currentDir=C:\Users\NODOU\AndroidStudioProjects\NowinAndroidApp}. Dispatching build started information...
2024-02-18T18:15:20.425-0500 [DEBUG] [org.gradle.launcher.daemon.server.SynchronizedDispatchConnection] thread 23: dispatching org.gradle.launcher.daemon.protocol.BuildStarted@134aa6a8
2024-02-18T18:15:20.428-0500 [DEBUG] [org.gradle.launcher.daemon.server.exec.EstablishBuildEnvironment] Configuring env variables: [USERDOMAIN_ROAMINGPROFILE, LOCALAPPDATA, PROCESSOR_LEVEL, CHROME_RESTART, USERDOMAIN, LOGONSERVER, FPS_BROWSER_APP_PROFILE_STRING, SESSIONNAME, ALLUSERSPROFILE, PROCESSOR_ARCHITECTURE, __COMPAT_LAYER, PSModulePath, SystemDrive, asl.log, OneDrive, APPDATA, EFC_4980, USERNAME, ProgramFiles(x86), CHROME_CRASHPAD_PIPE_NAME, CommonProgramFiles, Path, FPS_BROWSER_USER_PROFILE_STRING, PATHEXT, DriverData, OS, COMPUTERNAME, PROCESSOR_REVISION, CommonProgramW6432, ComSpec, ProgramData, ProgramW6432, TEMP, HOMEPATH, SystemRoot, PROCESSOR_IDENTIFIER, HOMEDRIVE, USERPROFILE, TMP, CommonProgramFiles(x86), ProgramFiles, PUBLIC, windir, NUMBER_OF_PROCESSORS, =::, IDEA_INITIAL_DIRECTORY, ZES_ENABLE_SYSMAN]
2024-02-18T18:15:20.429-0500 [DEBUG] [org.gradle.launcher.daemon.server.SynchronizedDispatchConnection] thread 21: received class org.gradle.launcher.daemon.protocol.CloseInput
2024-02-18T18:15:20.430-0500 [DEBUG] [org.gradle.launcher.daemon.server.DefaultDaemonConnection] thread 21: Received IO message from client: org.gradle.launcher.daemon.protocol.CloseInput@2eb06965
2024-02-18T18:15:20.434-0500 [DEBUG] [org.gradle.launcher.daemon.server.exec.LogToClient] About to start relaying all logs to the client via the connection.
2024-02-18T18:15:20.434-0500 [INFO] [org.gradle.launcher.daemon.server.exec.LogToClient] The client will now receive all logging from the daemon (pid: 15756). The daemon log file: C:\Users\NODOU\.gradle\daemon\7.6\daemon-15756.out.log
2024-02-18T18:15:20.437-0500 [INFO] [org.gradle.launcher.daemon.server.exec.LogAndCheckHealth] Starting build in new daemon [memory: 5.3 GiB]
2024-02-18T18:15:20.438-0500 [INFO] [org.gradle.launcher.daemon.server.exec.ForwardClientInput] Closing daemon's stdin at end of input.
2024-02-18T18:15:20.439-0500 [INFO] [org.gradle.launcher.daemon.server.exec.ForwardClientInput] The daemon will no longer process any standard input.
2024-02-18T18:15:20.444-0500 [DEBUG] [org.gradle.launcher.daemon.server.exec.ExecuteBuild] The daemon has started executing the build.
2024-02-18T18:15:20.445-0500 [DEBUG] [org.gradle.launcher.daemon.server.exec.ExecuteBuild] Executing build with daemon context: DefaultDaemonContext[uid=08ca9b08-d7f5-4d93-b87b-935d6b82300b,javaHome=C:\Program Files\Android\Android Studio\jbr,daemonRegistryDir=C:\Users\NODOU\.gradle\daemon,pid=15756,idleTimeout=10800000,priority=NORMAL,daemonOpts=-XX:+HeapDumpOnOutOfMemoryError,-XX:+UseParallelGC,-XX:MaxMetaspaceSize=1g,--add-opens=java.base/java.util=ALL-UNNAMED,--add-opens=java.base/java.lang=ALL-UNNAMED,--add-opens=java.base/java.lang.invoke=ALL-UNNAMED,--add-opens=java.prefs/java.util.prefs=ALL-UNNAMED,--add-opens=java.base/java.nio.charset=ALL-UNNAMED,--add-opens=java.base/java.net=ALL-UNNAMED,--add-opens=java.base/java.util.concurrent.atomic=ALL-UNNAMED,-Xmx6g,-Dfile.encoding=UTF-8,-Duser.country=US,-Duser.language=en,-Duser.variant]
Failed to fetch URL http://FACEBOOK.COM/sys-img.xml, reason: UnknownHost sys-img.xml
Failed to fetch URL
Failed to fetch URL http://FACEBOOK.COM/addon.xml, reason: UnknownHost addon.xml
Failed to fetch URL
Errors during XML parse:
javax.xml.bind.UnmarshalException
 - with linked exception:
[java.net.MalformedURLException: Cannot invoke "String.length()" because "spec" is null]
Additionally, the fallback loader failed to parse the XML.
Checking the license for package Android SDK Tools in C:\Users\NODOU\AppData\Local\Android\Sdk\licenses
License for package Android SDK Tools accepted.
Preparing "Install Android SDK Tools (revision: 26.1.1)".
"Install Android SDK Tools (revision: 26.1.1)" ready.
Installing Android SDK Tools in C:\Users\NODOU\AppData\Local\Android\Sdk\tools
"Install Android SDK Tools (revision: 26.1.1)" complete.
"Install Android SDK Tools (revision: 26.1.1)" finished.
Checking the license for package Android SDK Build-Tools 30.0.3 in C:\Users\NODOU\AppData\Local\Android\Sdk\licenses
License for package Android SDK Build-Tools 30.0.3 accepted.
Preparing "Install Android SDK Build-Tools 30.0.3 (revision: 30.0.3)".
"Install Android SDK Build-Tools 30.0.3 (revision: 30.0.3)" ready.
Installing Android SDK Build-Tools 30.0.3 in C:\Users\NODOU\AppData\Local\Android\Sdk\build-tools\30.0.3
"Install Android SDK Build-Tools 30.0.3 (revision: 30.0.3)" complete.
"Install Android SDK Build-Tools 30.0.3 (revision: 30.0.3)" finished.
Checking the license for package Android SDK Platform 33 in C:\Users\NODOU\AppData\Local\Android\Sdk\licenses
License for package Android SDK Platform 33 accepted.
Preparing "Install Android SDK Platform 33 (revision: 3)".
"Install Android SDK Platform 33 (revision: 3)" ready.
Installing Android SDK Platform 33 in C:\Users\NODOU\AppData\Local\Android\Sdk\platforms\android-33
"Install Android SDK Platform 33 (revision: 3)" complete.
"Install Android SDK Platform 33 (revision: 3)" finished.
